Mar 19, 2015 11:35:13 PM districtServer.DistrictServer setUpFileLogger
INFO: Logger initialized
Mar 19, 2015 11:35:13 PM districtServer.DistrictServer buildVoterCandidateList
INFO: District name is valid: Brant
Mar 19, 2015 11:35:13 PM districtServer.DistrictServer buildVoterCandidateList
INFO: List of voters generated.
Mar 19, 2015 11:35:13 PM districtServer.DistrictServer buildVoterCandidateList
INFO: Number of voters: 30
Mar 19, 2015 11:35:13 PM districtServer.DistrictServer buildVoterCandidateList
INFO: List of candidates generated
Mar 19, 2015 11:35:13 PM districtServer.DistrictServer buildVoterCandidateList
INFO: Number of candidates 3
Mar 19, 2015 11:35:13 PM districtServer.DistrictServer parsePacketDataAndPerformCorrespondingAction
INFO: REGISTER packet received
Mar 19, 2015 11:35:13 PM districtServer.DistrictServer register
INFO: Name: Ivana Short, SIN: 438581834, District: Brant has been successfully registered.
Mar 19, 2015 11:35:13 PM districtServer.DistrictServer parsePacketDataAndPerformCorrespondingAction
INFO: REGISTER packet received
Mar 19, 2015 11:35:13 PM districtServer.DistrictServer parsePacketDataAndPerformCorrespondingAction
INFO: REGISTER packet received
Mar 19, 2015 11:35:13 PM districtServer.DistrictServer register
WARNING: Ivana Short is already registered.
Mar 19, 2015 11:35:13 PM districtServer.DistrictServer parsePacketDataAndPerformCorrespondingAction
INFO: REGISTER packet received
Mar 19, 2015 11:35:13 PM districtServer.DistrictServer register
WARNING: Name: Ivana TotallyFakeName, SIN: 438581834, District: Brant does not exist.
Mar 19, 2015 11:35:13 PM districtServer.DistrictServer parsePacketDataAndPerformCorrespondingAction
INFO: LOGIN packet received
Mar 19, 2015 11:35:13 PM districtServer.DistrictServer loginUser
INFO: login1 has succesfully logged in.
Mar 19, 2015 11:35:13 PM districtServer.DistrictServer parsePacketDataAndPerformCorrespondingAction
INFO: LOGIN packet received
Mar 19, 2015 11:35:13 PM districtServer.DistrictServer loginUser
WARNING: TotallyFakeLogin has input the wrong credentials.
Mar 19, 2015 11:35:13 PM districtServer.DistrictServer parsePacketDataAndPerformCorrespondingAction
INFO: VOTE packet received
Mar 19, 2015 11:35:13 PM districtServer.DistrictServer vote
INFO: Vote successful! Candidate statuses file updated.
Mar 19, 2015 11:35:13 PM districtServer.DistrictServer parsePacketDataAndPerformCorrespondingAction
INFO: VOTE packet received
Mar 19, 2015 11:35:13 PM districtServer.DistrictServer vote
WARNING: login1 has already voted.
Mar 19, 2015 11:35:13 PM districtServer.DistrictServer parsePacketDataAndPerformCorrespondingAction
INFO: REGISTER packet received
